<?xml version="1.0" encoding="UTF-8"?>
<robot generator="Robot 4.1.3 (Python 3.9.10 on win32)" generated="20220324 09:54:02.288" rpa="false" schemaversion="2">
<suite id="s1" name="CategoryTC 001Test" source="C:\Users\himel\Documents\Alibaba_RobotFramework\TestCases\CategoryTC_001Test.robot">
<test id="s1-t1" name="category Test">
<kw name="Open my browser" library="CategoryTC_001">
<arg>${url}</arg>
<arg>${browser}</arg>
<kw name="Open Browser" library="SeleniumLibrary">
<arg>${Siteurl}</arg>
<arg>${Browser}</arg>
<doc>Opens a new browser instance to the optional ``url``.</doc>
<msg timestamp="20220324 09:54:02.678" level="INFO">Opening browser 'chrome' to base url 'https://www.alibaba.com/'.</msg>
<status status="PASS" starttime="20220324 09:54:02.678" endtime="20220324 09:57:39.129"/>
</kw>
<kw name="Sleep" library="BuiltIn">
<arg>5</arg>
<doc>Pauses the test executed for the given time.</doc>
<msg timestamp="20220324 09:57:44.134" level="INFO">Slept 5 seconds</msg>
<status status="PASS" starttime="20220324 09:57:39.129" endtime="20220324 09:57:44.134"/>
</kw>
<kw name="Maximize Browser Window" library="SeleniumLibrary">
<doc>Maximizes current browser window.</doc>
<status status="PASS" starttime="20220324 09:57:44.134" endtime="20220324 09:57:44.288"/>
</kw>
<status status="PASS" starttime="20220324 09:54:02.678" endtime="20220324 09:57:44.288"/>
</kw>
<kw name="categoryTest" library="CategoryTC_001">
<arg>${search}</arg>
<kw name="Input Text" library="SeleniumLibrary">
<arg>${Search_locator}</arg>
<arg>${search}</arg>
<doc>Types the given ``text`` into the text field identified by ``locator``.</doc>
<msg timestamp="20220324 09:57:44.292" level="INFO">Typing text 'laptop' into text field 'xpath://header/div[2]/div[3]/div[1]/div[1]/form[1]/div[2]/input[1]'.</msg>
<status status="PASS" starttime="20220324 09:57:44.290" endtime="20220324 09:57:44.552"/>
</kw>
<kw name="Sleep" library="BuiltIn">
<arg>5</arg>
<doc>Pauses the test executed for the given time.</doc>
<msg timestamp="20220324 09:57:49.564" level="INFO">Slept 5 seconds</msg>
<status status="PASS" starttime="20220324 09:57:44.552" endtime="20220324 09:57:49.564"/>
</kw>
<kw name="Click Element" library="SeleniumLibrary">
<arg>${SearchBtn_locator}</arg>
<doc>Click the element identified by ``locator``.</doc>
<msg timestamp="20220324 09:57:49.564" level="INFO">Clicking element 'xpath://header/div[2]/div[3]/div[1]/div[1]/form[1]/input[4]'.</msg>
<status status="PASS" starttime="20220324 09:57:49.564" endtime="20220324 10:01:57.305"/>
</kw>
<kw name="Sleep" library="BuiltIn">
<arg>5</arg>
<doc>Pauses the test executed for the given time.</doc>
<msg timestamp="20220324 10:02:02.310" level="INFO">Slept 5 seconds</msg>
<status status="PASS" starttime="20220324 10:01:57.305" endtime="20220324 10:02:02.310"/>
</kw>
<kw name="Click Link" library="SeleniumLibrary">
<arg>${UsedLaptop_locator}</arg>
<doc>Clicks a link identified by ``locator``.</doc>
<msg timestamp="20220324 10:02:02.310" level="INFO">Clicking link 'xpath://a[contains(text(),'Used Laptops')]'.</msg>
<status status="PASS" starttime="20220324 10:02:02.310" endtime="20220324 10:02:02.504"/>
</kw>
<kw name="Sleep" library="BuiltIn">
<arg>5</arg>
<doc>Pauses the test executed for the given time.</doc>
<msg timestamp="20220324 10:02:07.514" level="INFO">Slept 5 seconds</msg>
<status status="PASS" starttime="20220324 10:02:02.505" endtime="20220324 10:02:07.514"/>
</kw>
<status status="PASS" starttime="20220324 09:57:44.289" endtime="20220324 10:02:07.514"/>
</kw>
<status status="PASS" starttime="20220324 09:54:02.678" endtime="20220324 10:02:07.514"/>
</test>
<status status="PASS" starttime="20220324 09:54:02.304" endtime="20220324 10:02:07.514"/>
</suite>
<statistics>
<total>
<stat pass="1" fail="0" skip="0">All Tests</stat>
</total>
<tag>
</tag>
<suite>
<stat pass="1" fail="0" skip="0" id="s1" name="CategoryTC 001Test">CategoryTC 001Test</stat>
</suite>
</statistics>
<errors>
</errors>
</robot>
